<?xml version="1.0" encoding="UTF-8"?>
<testsuite name="junit.framework.TestSuite$1" tests="2" skipped="2" failures="0" errors="0" timestamp="2019-04-29T20:08:42" hostname="MacBook-Pro-5.local" time="0.013">
  <properties/>
  <testcase name="warning" classname="junit.framework.TestSuite$1" time="0.0">
    <skipped/>
  </testcase>
  <testcase name="warning" classname="junit.framework.TestSuite$1" time="0.0">
    <skipped/>
  </testcase>
  <system-out><![CDATA[]]></system-out>
  <system-err><![CDATA[]]></system-err>
</testsuite>
