<?xml version="1.0" encoding="UTF-8"?>
<testsuite name="nyla.solutions.office.msoffice.excel.ExcelTest" tests="1" skipped="0" failures="0" errors="0" timestamp="2019-04-29T20:08:42" hostname="MacBook-Pro-5.local" time="0.098">
  <properties/>
  <testcase name="testRetrieveSheetString" classname="nyla.solutions.office.msoffice.excel.ExcelTest" time="0.098"/>
  <system-out><![CDATA[DEBUG: {[0]=1350 ,[1]= ,[2]= ,[3]=JC}
DEBUG: sheet.getRowCount()=11
DEBUG: row:[1350, , , JC]
DEBUG: row:[1350]
DEBUG: row:[1500, 16200, 675, 2700, 2975, 116.61]
DEBUG: row:[1500, , , 75, , 56.73, 287.56]
DEBUG: row:[1500, , , 200, , 58.33]
DEBUG: row:[1500, , , , , 55.89, , 334.64]
DEBUG: row:[1500]
DEBUG: row:[1500]
DEBUG: row:[1500]
DEBUG: row:[1500]
DEBUG: row:[1500]
]]></system-out>
  <system-err><![CDATA[Warning:  Property storage name for 5 is empty - setting to Root Entry
]]></system-err>
</testsuite>
