<?xml version="1.0" encoding="UTF-8"?>
<testsuite name="nyla.solutions.office.msoffice.excel.CSVTest" tests="1" skipped="0" failures="0" errors="0" timestamp="2019-04-29T20:08:42" hostname="MacBook-Pro-5.local" time="0.005">
  <properties/>
  <testcase name="testCSV" classname="nyla.solutions.office.msoffice.excel.CSVTest" time="0.005"/>
  <system-out><![CDATA[previous file deleted
]]></system-out>
  <system-err><![CDATA[]]></system-err>
</testsuite>
