<?xml version="1.0" encoding="UTF-8"?>
<testsuite name="nyla.solutions.office.fop.FOPTest" tests="1" skipped="0" failures="0" errors="0" timestamp="2019-04-29T20:08:39" hostname="MacBook-Pro-5.local" time="0.886">
  <properties/>
  <testcase name="test" classname="nyla.solutions.office.fop.FOPTest" time="0.886"/>
  <system-out><![CDATA[DEBUG: previous deleted:true
]]></system-out>
  <system-err><![CDATA[log4j:WARN No appenders could be found for logger (org.apache.fop.util.ContentHandlerFactoryRegistry).
log4j:WARN Please initialize the log4j system properly.
log4j:WARN See http://logging.apache.org/log4j/1.2/faq.html#noconfig for more info.
Warning: Could not get charToByteConverterClass!
]]></system-err>
</testsuite>
