<?xml version="1.0" encoding="UTF-8"?>
<testsuite name="nyla.solutions.office.msoffice.excel.patterns.ExcelFileDirDbLoaderCommandTest" tests="1" skipped="1" failures="0" errors="0" timestamp="2019-04-29T20:08:42" hostname="MacBook-Pro-5.local" time="0.0">
  <properties/>
  <testcase name="testExecute" classname="nyla.solutions.office.msoffice.excel.patterns.ExcelFileDirDbLoaderCommandTest" time="0.0">
    <skipped/>
  </testcase>
  <system-out><![CDATA[]]></system-out>
  <system-err><![CDATA[]]></system-err>
</testsuite>
